<?xml version="1.0" encoding="UTF-8"?>
<!-- Generated by org.testng.reporters.JUnitReportReporter -->
<testsuite hostname="DESKTOP-KMN6TAK" failures="0" tests="1" name="com.nexsoft.runner.ListRunner" time="33.524" errors="0" timestamp="2022-06-24T14:55:21 ICT" skipped="0">
  <testcase classname="com.nexsoft.runner.ListRunner" name="runScenario" time="33.524"/>
  <system-out>
    <![CDATA[<img src = 'file://D:\TestScreenshoot\20220624_145521.png'height="350" width="700"/>]]>
  </system-out>
</testsuite> <!-- com.nexsoft.runner.ListRunner -->
